<?xml version="1.0" encoding="UTF-8"?>
<!-- Generated by org.testng.reporters.JUnitReportReporter -->
<testsuite hostname="DESKTOP-G0DII7M" failures="0" tests="1" name="Academy.ValidateNavigation" time="0.220" errors="0" timestamp="2022-04-24T11:50:18 IST" skipped="0">
  <testcase classname="Academy.ValidateNavigation" name="basePageNavigation" time="0.220"/>
  <system-out/>
</testsuite> <!-- Academy.ValidateNavigation -->
