<?xml version="1.0" encoding="UTF-8"?>
<!-- Generated by org.testng.reporters.JUnitReportReporter -->
<testsuite hostname="DESKTOP-G0DII7M" failures="0" tests="2" name="Academy.HomePage" time="46.066" errors="0" timestamp="2022-04-24T11:50:18 IST" skipped="0">
  <testcase classname="Academy.HomePage" name="basePageNavigation" time="25.565"/>
  <system-out/>
  <testcase classname="Academy.HomePage" name="basePageNavigation" time="20.501"/>
  <system-out/>
</testsuite> <!-- Academy.HomePage -->
