<?xml version="1.0" encoding="UTF-8"?>
<!-- Generated by org.testng.reporters.JUnitReportReporter -->
<testsuite hostname="DESKTOP-PGOH6VN" failures="0" tests="1" name="Academy.ValidateTitle" time="0.959" errors="0" timestamp="2022-04-09T22:50:32 IST" skipped="0">
  <testcase classname="Academy.ValidateTitle" name="basePagetitle" time="0.959"/>
  <system-out/>
</testsuite> <!-- Academy.ValidateTitle -->
